Performing C SOURCE FILE Test CMAKE_HAVE_LIBC_PTHREAD failed with the following output:
Change Dir: /home/martina9/senior-project/Senior-Project-Individual/first-game/build/CMakeFiles/CMakeTmp

Run Build Command(s):/usr/bin/make cmTC_3ecdb/fast && /usr/bin/make -f CMakeFiles/cmTC_3ecdb.dir/build.make CMakeFiles/cmTC_3ecdb.dir/build
make[1]: Entering directory '/home/martina9/senior-project/Senior-Project-Individual/first-game/build/CMakeFiles/CMakeTmp'
Building C object CMakeFiles/cmTC_3ecdb.dir/src.c.o
/usr/bin/gcc   -fno-strict-aliasing -Werror=implicit-function-declaration -Werror=pointer-arith  -DCMAKE_HAVE_LIBC_PTHREAD   -o CMakeFiles/cmTC_3ecdb.dir/src.c.o   -c /home/martina9/senior-project/Senior-Project-Individual/first-game/build/CMakeFiles/CMakeTmp/src.c
Linking C executable cmTC_3ecdb
/usr/bin/cmake -E cmake_link_script CMakeFiles/cmTC_3ecdb.dir/link.txt --verbose=1
/usr/bin/gcc -fno-strict-aliasing -Werror=implicit-function-declaration -Werror=pointer-arith  -DCMAKE_HAVE_LIBC_PTHREAD    CMakeFiles/cmTC_3ecdb.dir/src.c.o  -o cmTC_3ecdb 
/usr/bin/ld: CMakeFiles/cmTC_3ecdb.dir/src.c.o: in function `main':
src.c:(.text+0x46): undefined reference to `pthread_create'
/usr/bin/ld: src.c:(.text+0x52): undefined reference to `pthread_detach'
/usr/bin/ld: src.c:(.text+0x63): undefined reference to `pthread_join'
collect2: error: ld returned 1 exit status
make[1]: *** [CMakeFiles/cmTC_3ecdb.dir/build.make:87: cmTC_3ecdb] Error 1
make[1]: Leaving directory '/home/martina9/senior-project/Senior-Project-Individual/first-game/build/CMakeFiles/CMakeTmp'
make: *** [Makefile:121: cmTC_3ecdb/fast] Error 2


Source file was:
#include <pthread.h>

void* test_func(void* data)
{
  return data;
}

int main(void)
{
  pthread_t thread;
  pthread_create(&thread, NULL, test_func, NULL);
  pthread_detach(thread);
  pthread_join(thread, NULL);
  pthread_atfork(NULL, NULL, NULL);
  pthread_exit(NULL);

  return 0;
}

Determining if the function pthread_create exists in the pthreads failed with the following output:
Change Dir: /home/martina9/senior-project/Senior-Project-Individual/first-game/build/CMakeFiles/CMakeTmp

Run Build Command(s):/usr/bin/make cmTC_ce7ef/fast && /usr/bin/make -f CMakeFiles/cmTC_ce7ef.dir/build.make CMakeFiles/cmTC_ce7ef.dir/build
make[1]: Entering directory '/home/martina9/senior-project/Senior-Project-Individual/first-game/build/CMakeFiles/CMakeTmp'
Building C object CMakeFiles/cmTC_ce7ef.dir/CheckFunctionExists.c.o
/usr/bin/gcc   -fno-strict-aliasing -Werror=implicit-function-declaration -Werror=pointer-arith  -DCHECK_FUNCTION_EXISTS=pthread_create   -std=gnu99 -o CMakeFiles/cmTC_ce7ef.dir/CheckFunctionExists.c.o   -c /usr/share/cmake-3.16/Modules/CheckFunctionExists.c
Linking C executable cmTC_ce7ef
/usr/bin/cmake -E cmake_link_script CMakeFiles/cmTC_ce7ef.dir/link.txt --verbose=1
/usr/bin/gcc -fno-strict-aliasing -Werror=implicit-function-declaration -Werror=pointer-arith  -DCHECK_FUNCTION_EXISTS=pthread_create    CMakeFiles/cmTC_ce7ef.dir/CheckFunctionExists.c.o  -o cmTC_ce7ef  -lpthreads 
/usr/bin/ld: cannot find -lpthreads
collect2: error: ld returned 1 exit status
make[1]: *** [CMakeFiles/cmTC_ce7ef.dir/build.make:87: cmTC_ce7ef] Error 1
make[1]: Leaving directory '/home/martina9/senior-project/Senior-Project-Individual/first-game/build/CMakeFiles/CMakeTmp'
make: *** [Makefile:121: cmTC_ce7ef/fast] Error 2



